{"/home/dodo/Work/react-weather/src/js/ReactWeather.js":{"path":"/home/dodo/Work/react-weather/src/js/ReactWeather.js","s":{"1":1,"2":1,"3":1,"4":2,"5":6,"6":6,"7":6,"8":6,"9":4,"10":6,"11":1,"12":1,"13":1,"14":1,"15":1,"16":1,"17":1,"18":1,"19":1,"20":1,"21":1,"22":1,"23":1,"24":1,"25":1,"26":4,"27":1,"28":0,"29":0,"30":1,"31":0,"32":0,"33":0,"34":1,"35":1,"36":0,"37":1,"38":1,"39":1,"40":1,"41":1,"42":1,"43":0,"44":0,"45":0,"46":0,"47":0,"48":1,"49":1,"50":0,"51":0,"52":0,"53":0,"54":0,"55":0,"56":1,"57":1,"58":0,"59":1,"60":1,"61":0,"62":0,"63":0,"64":0,"65":0,"66":0,"67":0,"68":0,"69":0,"70":0,"71":0,"72":0,"73":1,"74":1,"75":0,"76":0,"77":0,"78":0,"79":1,"80":1,"81":0,"82":1,"83":1,"84":0,"85":1,"86":1,"87":1,"88":1,"89":1,"90":1,"91":1,"92":0,"93":0},"b":{"1":[6,6],"2":[4,2],"3":[1,0],"4":[1,0],"5":[1,3],"6":[4,4],"7":[0,0],"8":[0,0],"9":[0,0],"10":[0,0,0],"11":[0,1],"12":[1,0],"13":[1,1],"14":[1,0],"15":[1,0],"16":[0,0],"17":[0,0],"18":[0,0],"19":[0,0],"20":[1,0]},"f":{"1":1,"2":2,"3":1,"4":4,"5":0,"6":0,"7":1,"8":1,"9":0,"10":1,"11":0,"12":0,"13":1,"14":0,"15":1,"16":0,"17":0,"18":0,"19":1,"20":0,"21":1,"22":0,"23":1,"24":0,"25":1},"fnMap":{"1":{"name":"(anonymous_1)","line":0,"loc":{"start":{"line":0,"column":0},"end":{"line":0,"column":0}},"skip":true},"2":{"name":"defineProperties","line":0,"loc":{"start":{"line":0,"column":0},"end":{"line":0,"column":0}},"skip":true},"3":{"name":"(anonymous_3)","line":0,"loc":{"start":{"line":0,"column":0},"end":{"line":0,"column":0}},"skip":true},"4":{"name":"_interopRequireDefault","line":0,"loc":{"start":{"line":0,"column":0},"end":{"line":0,"column":0}},"skip":true},"5":{"name":"_classCallCheck","line":0,"loc":{"start":{"line":0,"column":0},"end":{"line":0,"column":0}},"skip":true},"6":{"name":"_possibleConstructorReturn","line":0,"loc":{"start":{"line":0,"column":0},"end":{"line":0,"column":0}},"skip":true},"7":{"name":"_inherits","line":0,"loc":{"start":{"line":0,"column":0},"end":{"line":0,"column":0}},"skip":true},"8":{"name":"(anonymous_8)","line":0,"loc":{"start":{"line":0,"column":0},"end":{"line":0,"column":0}},"skip":true},"9":{"name":"ReactWeather","line":7,"loc":{"start":{"line":7,"column":14},"end":{"line":7,"column":21}}},"10":{"name":"(anonymous_10)","line":0,"loc":{"start":{"line":0,"column":0},"end":{"line":0,"column":0}},"skip":true},"11":{"name":"render","line":35,"loc":{"start":{"line":35,"column":11},"end":{"line":35,"column":11}}},"12":{"name":"(anonymous_12)","line":45,"loc":{"start":{"line":45,"column":24},"end":{"line":45,"column":40}}},"13":{"name":"(anonymous_13)","line":0,"loc":{"start":{"line":0,"column":0},"end":{"line":0,"column":0}},"skip":true},"14":{"name":"componentDidMount","line":66,"loc":{"start":{"line":66,"column":22},"end":{"line":66,"column":22}}},"15":{"name":"(anonymous_15)","line":0,"loc":{"start":{"line":0,"column":0},"end":{"line":0,"column":0}},"skip":true},"16":{"name":"getWeatherData","line":69,"loc":{"start":{"line":69,"column":19},"end":{"line":69,"column":19}}},"17":{"name":"(anonymous_17)","line":80,"loc":{"start":{"line":80,"column":17},"end":{"line":80,"column":33}}},"18":{"name":"(anonymous_18)","line":84,"loc":{"start":{"line":84,"column":13},"end":{"line":84,"column":25}}},"19":{"name":"(anonymous_19)","line":0,"loc":{"start":{"line":0,"column":0},"end":{"line":0,"column":0}},"skip":true},"20":{"name":"_getParams","line":88,"loc":{"start":{"line":88,"column":15},"end":{"line":88,"column":15}}},"21":{"name":"(anonymous_21)","line":0,"loc":{"start":{"line":0,"column":0},"end":{"line":0,"column":0}},"skip":true},"22":{"name":"get","line":17,"loc":{"start":{"line":17,"column":28},"end":{"line":17,"column":28}}},"23":{"name":"(anonymous_23)","line":0,"loc":{"start":{"line":0,"column":0},"end":{"line":0,"column":0}},"skip":true},"24":{"name":"get","line":24,"loc":{"start":{"line":24,"column":25},"end":{"line":24,"column":25}}},"25":{"name":"(anonymous_25)","line":0,"loc":{"start":{"line":0,"column":0},"end":{"line":0,"column":0}},"skip":true}},"statementMap":{"1":{"start":{"line":0,"column":0},"end":{"line":0,"column":0},"skip":true},"2":{"start":{"line":0,"column":0},"end":{"line":0,"column":0},"skip":true},"3":{"start":{"line":0,"column":0},"end":{"line":0,"column":0},"skip":true},"4":{"start":{"line":0,"column":0},"end":{"line":0,"column":0},"skip":true},"5":{"start":{"line":0,"column":0},"end":{"line":0,"column":0},"skip":true},"6":{"start":{"line":0,"column":0},"end":{"line":0,"column":0},"skip":true},"7":{"start":{"line":0,"column":0},"end":{"line":0,"column":0},"skip":true},"8":{"start":{"line":0,"column":0},"end":{"line":0,"column":0},"skip":true},"9":{"start":{"line":0,"column":0},"end":{"line":0,"column":0},"skip":true},"10":{"start":{"line":0,"column":0},"end":{"line":0,"column":0},"skip":true},"11":{"start":{"line":0,"column":0},"end":{"line":0,"column":0},"skip":true},"12":{"start":{"line":0,"column":0},"end":{"line":0,"column":0},"skip":true},"13":{"start":{"line":0,"column":0},"end":{"line":0,"column":0},"skip":true},"14":{"start":{"line":0,"column":0},"end":{"line":0,"column":0},"skip":true},"15":{"start":{"line":0,"column":0},"end":{"line":0,"column":0},"skip":true},"16":{"start":{"line":0,"column":0},"end":{"line":0,"column":0},"skip":true},"17":{"start":{"line":1,"column":0},"end":{"line":null,"column":null}},"18":{"start":{"line":0,"column":0},"end":{"line":0,"column":0},"skip":true},"19":{"start":{"line":2,"column":0},"end":{"line":null,"column":null}},"20":{"start":{"line":0,"column":0},"end":{"line":0,"column":0},"skip":true},"21":{"start":{"line":3,"column":0},"end":{"line":null,"column":null}},"22":{"start":{"line":0,"column":0},"end":{"line":0,"column":0},"skip":true},"23":{"start":{"line":4,"column":0},"end":{"line":null,"column":null}},"24":{"start":{"line":0,"column":0},"end":{"line":0,"column":0},"skip":true},"25":{"start":{"line":0,"column":0},"end":{"line":0,"column":0},"skip":true},"26":{"start":{"line":0,"column":0},"end":{"line":0,"column":0},"skip":true},"27":{"start":{"line":0,"column":0},"end":{"line":0,"column":0},"skip":true},"28":{"start":{"line":0,"column":0},"end":{"line":0,"column":0},"skip":true},"29":{"start":{"line":0,"column":0},"end":{"line":0,"column":0},"skip":true},"30":{"start":{"line":0,"column":0},"end":{"line":0,"column":0},"skip":true},"31":{"start":{"line":0,"column":0},"end":{"line":0,"column":0},"skip":true},"32":{"start":{"line":0,"column":0},"end":{"line":0,"column":0},"skip":true},"33":{"start":{"line":0,"column":0},"end":{"line":0,"column":0},"skip":true},"34":{"start":{"line":0,"column":0},"end":{"line":0,"column":0},"skip":true},"35":{"start":{"line":0,"column":0},"end":{"line":0,"column":0},"skip":true},"36":{"start":{"line":0,"column":0},"end":{"line":0,"column":0},"skip":true},"37":{"start":{"line":0,"column":0},"end":{"line":0,"column":0},"skip":true},"38":{"start":{"line":0,"column":0},"end":{"line":0,"column":0},"skip":true},"39":{"start":{"line":0,"column":0},"end":{"line":0,"column":0},"skip":true},"40":{"start":{"line":6,"column":6},"end":{"line":null,"column":null}},"41":{"start":{"line":0,"column":0},"end":{"line":0,"column":0},"skip":true},"42":{"start":{"line":7,"column":14},"end":{"line":null,"column":null}},"43":{"start":{"line":0,"column":0},"end":{"line":0,"column":0},"skip":true},"44":{"start":{"line":8,"column":10},"end":{"line":null,"column":null}},"45":{"start":{"line":9,"column":9},"end":{"line":null,"column":null}},"46":{"start":{"line":10,"column":9},"end":{"line":null,"column":null}},"47":{"start":{"line":0,"column":0},"end":{"line":0,"column":0},"skip":true},"48":{"start":{"line":0,"column":0},"end":{"line":0,"column":0},"skip":true},"49":{"start":{"line":35,"column":11},"end":{"line":null,"column":null}},"50":{"start":{"line":36,"column":10},"end":{"line":null,"column":null}},"51":{"start":{"line":37,"column":11},"end":{"line":null,"column":null}},"52":{"start":{"line":38,"column":10},"end":{"line":null,"column":null}},"53":{"start":{"line":41,"column":6},"end":{"line":null,"column":null}},"54":{"start":{"line":46,"column":18},"end":{"line":null,"column":null}},"55":{"start":{"line":48,"column":14},"end":{"line":null,"column":null}},"56":{"start":{"line":0,"column":0},"end":{"line":0,"column":0},"skip":true},"57":{"start":{"line":66,"column":22},"end":{"line":null,"column":null}},"58":{"start":{"line":67,"column":9},"end":{"line":null,"column":null}},"59":{"start":{"line":0,"column":0},"end":{"line":0,"column":0},"skip":true},"60":{"start":{"line":69,"column":19},"end":{"line":null,"column":null}},"61":{"start":{"line":70,"column":8},"end":{"line":null,"column":null}},"62":{"start":{"line":71,"column":8},"end":{"line":null,"column":null}},"63":{"start":{"line":72,"column":8},"end":{"line":null,"column":null}},"64":{"start":{"line":73,"column":8},"end":{"line":null,"column":null}},"65":{"start":{"line":74,"column":7},"end":{"line":null,"column":null}},"66":{"start":{"line":75,"column":16},"end":{"line":null,"column":null}},"67":{"start":{"line":76,"column":10},"end":{"line":null,"column":null}},"68":{"start":{"line":77,"column":13},"end":{"line":null,"column":null}},"69":{"start":{"line":78,"column":16},"end":{"line":null,"column":null}},"70":{"start":{"line":80,"column":12},"end":{"line":null,"column":null}},"71":{"start":{"line":81,"column":11},"end":{"line":null,"column":null}},"72":{"start":{"line":85,"column":14},"end":{"line":null,"column":null}},"73":{"start":{"line":0,"column":0},"end":{"line":0,"column":0},"skip":true},"74":{"start":{"line":88,"column":15},"end":{"line":null,"column":null}},"75":{"start":{"line":89,"column":54},"end":{"line":null,"column":null}},"76":{"start":{"line":90,"column":11},"end":{"line":null,"column":null}},"77":{"start":{"line":92,"column":15},"end":{"line":null,"column":null}},"78":{"start":{"line":94,"column":15},"end":{"line":null,"column":null}},"79":{"start":{"line":0,"column":0},"end":{"line":0,"column":0},"skip":true},"80":{"start":{"line":17,"column":28},"end":{"line":null,"column":null}},"81":{"start":{"line":18,"column":11},"end":{"line":null,"column":null}},"82":{"start":{"line":0,"column":0},"end":{"line":0,"column":0},"skip":true},"83":{"start":{"line":24,"column":25},"end":{"line":null,"column":null}},"84":{"start":{"line":25,"column":11},"end":{"line":null,"column":null}},"85":{"start":{"line":0,"column":0},"end":{"line":0,"column":0},"skip":true},"86":{"start":{"line":0,"column":0},"end":{"line":0,"column":0},"skip":true},"87":{"start":{"line":99,"column":15},"end":{"line":null,"column":null}},"88":{"start":{"line":0,"column":0},"end":{"line":0,"column":0},"skip":true},"89":{"start":{"line":0,"column":0},"end":{"line":0,"column":0},"skip":true},"90":{"start":{"line":0,"column":0},"end":{"line":0,"column":0},"skip":true},"91":{"start":{"line":0,"column":0},"end":{"line":0,"column":0},"skip":true},"92":{"start":{"line":6,"column":6},"end":{"line":null,"column":null}},"93":{"start":{"line":0,"column":0},"end":{"line":0,"column":0},"skip":true}},"branchMap":{"1":{"line":0,"type":"binary-expr","locations":[{"start":{"line":0,"column":0},"end":{"line":0,"column":0},"skip":true},{"start":{"line":0,"column":0},"end":{"line":0,"column":0},"skip":true}]},"2":{"line":0,"type":"if","locations":[{"start":{"line":0,"column":0},"end":{"line":0,"column":0},"skip":true},{"start":{"line":0,"column":0},"end":{"line":0,"column":0},"skip":true}]},"3":{"line":0,"type":"if","locations":[{"start":{"line":0,"column":0},"end":{"line":0,"column":0},"skip":true},{"start":{"line":0,"column":0},"end":{"line":0,"column":0},"skip":true}]},"4":{"line":0,"type":"if","locations":[{"start":{"line":0,"column":0},"end":{"line":0,"column":0},"skip":true},{"start":{"line":0,"column":0},"end":{"line":0,"column":0},"skip":true}]},"5":{"line":0,"type":"cond-expr","locations":[{"start":{"line":0,"column":0},"end":{"line":0,"column":0},"skip":true},{"start":{"line":0,"column":0},"end":{"line":0,"column":0},"skip":true}]},"6":{"line":0,"type":"binary-expr","locations":[{"start":{"line":0,"column":0},"end":{"line":0,"column":0},"skip":true},{"start":{"line":0,"column":0},"end":{"line":0,"column":0},"skip":true}]},"7":{"line":0,"type":"if","locations":[{"start":{"line":0,"column":0},"end":{"line":0,"column":0},"skip":true},{"start":{"line":0,"column":0},"end":{"line":0,"column":0},"skip":true}]},"8":{"line":0,"type":"if","locations":[{"start":{"line":0,"column":0},"end":{"line":0,"column":0},"skip":true},{"start":{"line":0,"column":0},"end":{"line":0,"column":0},"skip":true}]},"9":{"line":0,"type":"cond-expr","locations":[{"start":{"line":0,"column":0},"end":{"line":0,"column":0},"skip":true},{"start":{"line":0,"column":0},"end":{"line":0,"column":0},"skip":true}]},"10":{"line":0,"type":"binary-expr","locations":[{"start":{"line":0,"column":0},"end":{"line":0,"column":0},"skip":true},{"start":{"line":0,"column":0},"end":{"line":0,"column":0},"skip":true},{"start":{"line":0,"column":0},"end":{"line":0,"column":0},"skip":true}]},"11":{"line":0,"type":"if","locations":[{"start":{"line":0,"column":0},"end":{"line":0,"column":0},"skip":true},{"start":{"line":0,"column":0},"end":{"line":0,"column":0},"skip":true}]},"12":{"line":0,"type":"binary-expr","locations":[{"start":{"line":0,"column":0},"end":{"line":0,"column":0},"skip":true},{"start":{"line":0,"column":0},"end":{"line":0,"column":0},"skip":true}]},"13":{"line":0,"type":"binary-expr","locations":[{"start":{"line":0,"column":0},"end":{"line":0,"column":0},"skip":true},{"start":{"line":0,"column":0},"end":{"line":0,"column":0},"skip":true}]},"14":{"line":0,"type":"if","locations":[{"start":{"line":0,"column":0},"end":{"line":0,"column":0},"skip":true},{"start":{"line":0,"column":0},"end":{"line":0,"column":0},"skip":true}]},"15":{"line":0,"type":"cond-expr","locations":[{"start":{"line":0,"column":0},"end":{"line":0,"column":0},"skip":true},{"start":{"line":0,"column":0},"end":{"line":0,"column":0},"skip":true}]},"16":{"line":8,"type":"binary-expr","locations":[{"start":{"line":8,"column":10},"end":{"line":8,"column":10}},{"start":{"line":8,"column":10},"end":{"line":8,"column":10}}]},"17":{"line":74,"type":"if","locations":[{"start":{"line":74,"column":7},"end":{"line":74,"column":7}},{"start":{"line":74,"column":7},"end":{"line":74,"column":7}}]},"18":{"line":76,"type":"if","locations":[{"start":{"line":76,"column":10},"end":{"line":76,"column":10}},{"start":{"line":76,"column":10},"end":{"line":76,"column":10}}]},"19":{"line":91,"type":"switch","locations":[{"start":{"line":91,"column":11},"end":{"line":null,"column":null}},{"start":{"line":93,"column":11},"end":{"line":null,"column":null}}]},"20":{"line":0,"type":"if","locations":[{"start":{"line":0,"column":0},"end":{"line":0,"column":0},"skip":true},{"start":{"line":0,"column":0},"end":{"line":0,"column":0},"skip":true}]}}},"/home/dodo/Work/react-weather/src/js/owApi.js":{"path":"/home/dodo/Work/react-weather/src/js/owApi.js","s":{"1":1,"2":1,"3":1,"4":1,"5":4,"6":4,"7":4,"8":4,"9":4,"10":4,"11":1,"12":1,"13":1,"14":1,"15":0,"16":1,"17":1,"18":1,"19":1,"20":1,"21":1,"22":2,"23":1,"24":0,"25":0,"26":1,"27":1,"28":0,"29":0,"30":0,"31":0,"32":1,"33":1,"34":0,"35":0,"36":0,"37":0,"38":0,"39":0,"40":0,"41":0,"42":0,"43":0,"44":1,"45":1,"46":0,"47":0,"48":0,"49":0,"50":0,"51":0,"52":0,"53":0,"54":0,"55":0,"56":0,"57":1,"58":1,"59":0,"60":1,"61":1,"62":0,"63":1,"64":1,"65":1,"66":1,"67":1,"68":1,"69":1,"70":0,"71":0},"b":{"1":[4,4],"2":[4,0],"3":[1,0],"4":[0,1],"5":[0,2],"6":[2,2],"7":[0,0],"8":[0,0],"9":[0,0],"10":[1,0]},"f":{"1":1,"2":1,"3":1,"4":2,"5":0,"6":1,"7":0,"8":1,"9":0,"10":0,"11":1,"12":0,"13":0,"14":0,"15":1,"16":0,"17":1,"18":0,"19":1},"fnMap":{"1":{"name":"(anonymous_1)","line":0,"loc":{"start":{"line":0,"column":0},"end":{"line":0,"column":0}},"skip":true},"2":{"name":"defineProperties","line":0,"loc":{"start":{"line":0,"column":0},"end":{"line":0,"column":0}},"skip":true},"3":{"name":"(anonymous_3)","line":0,"loc":{"start":{"line":0,"column":0},"end":{"line":0,"column":0}},"skip":true},"4":{"name":"_interopRequireDefault","line":0,"loc":{"start":{"line":0,"column":0},"end":{"line":0,"column":0}},"skip":true},"5":{"name":"_classCallCheck","line":0,"loc":{"start":{"line":0,"column":0},"end":{"line":0,"column":0}},"skip":true},"6":{"name":"(anonymous_6)","line":0,"loc":{"start":{"line":0,"column":0},"end":{"line":0,"column":0}},"skip":true},"7":{"name":"OWApi","line":5,"loc":{"start":{"line":5,"column":14},"end":{"line":5,"column":28}}},"8":{"name":"(anonymous_8)","line":0,"loc":{"start":{"line":0,"column":0},"end":{"line":0,"column":0}},"skip":true},"9":{"name":"getWeatherData","line":10,"loc":{"start":{"line":10,"column":17},"end":{"line":10,"column":23}}},"10":{"name":"(anonymous_10)","line":20,"loc":{"start":{"line":20,"column":12},"end":{"line":20,"column":32}}},"11":{"name":"(anonymous_11)","line":0,"loc":{"start":{"line":0,"column":0},"end":{"line":0,"column":0}},"skip":true},"12":{"name":"getForecastData","line":38,"loc":{"start":{"line":38,"column":18},"end":{"line":38,"column":24}}},"13":{"name":"(anonymous_13)","line":47,"loc":{"start":{"line":47,"column":12},"end":{"line":47,"column":32}}},"14":{"name":"(anonymous_14)","line":60,"loc":{"start":{"line":60,"column":26},"end":{"line":60,"column":40}}},"15":{"name":"(anonymous_15)","line":0,"loc":{"start":{"line":0,"column":0},"end":{"line":0,"column":0}},"skip":true},"16":{"name":"_mapWeatherData","line":67,"loc":{"start":{"line":67,"column":18},"end":{"line":67,"column":24}}},"17":{"name":"(anonymous_17)","line":0,"loc":{"start":{"line":0,"column":0},"end":{"line":0,"column":0}},"skip":true},"18":{"name":"_mapForecastData","line":88,"loc":{"start":{"line":88,"column":19},"end":{"line":88,"column":25}}},"19":{"name":"(anonymous_19)","line":0,"loc":{"start":{"line":0,"column":0},"end":{"line":0,"column":0}},"skip":true}},"statementMap":{"1":{"start":{"line":0,"column":0},"end":{"line":0,"column":0},"skip":true},"2":{"start":{"line":0,"column":0},"end":{"line":0,"column":0},"skip":true},"3":{"start":{"line":0,"column":0},"end":{"line":0,"column":0},"skip":true},"4":{"start":{"line":0,"column":0},"end":{"line":0,"column":0},"skip":true},"5":{"start":{"line":0,"column":0},"end":{"line":0,"column":0},"skip":true},"6":{"start":{"line":0,"column":0},"end":{"line":0,"column":0},"skip":true},"7":{"start":{"line":0,"column":0},"end":{"line":0,"column":0},"skip":true},"8":{"start":{"line":0,"column":0},"end":{"line":0,"column":0},"skip":true},"9":{"start":{"line":0,"column":0},"end":{"line":0,"column":0},"skip":true},"10":{"start":{"line":0,"column":0},"end":{"line":0,"column":0},"skip":true},"11":{"start":{"line":0,"column":0},"end":{"line":0,"column":0},"skip":true},"12":{"start":{"line":0,"column":0},"end":{"line":0,"column":0},"skip":true},"13":{"start":{"line":0,"column":0},"end":{"line":0,"column":0},"skip":true},"14":{"start":{"line":0,"column":0},"end":{"line":0,"column":0},"skip":true},"15":{"start":{"line":0,"column":0},"end":{"line":0,"column":0},"skip":true},"16":{"start":{"line":0,"column":0},"end":{"line":0,"column":0},"skip":true},"17":{"start":{"line":1,"column":0},"end":{"line":null,"column":null}},"18":{"start":{"line":0,"column":0},"end":{"line":0,"column":0},"skip":true},"19":{"start":{"line":2,"column":0},"end":{"line":null,"column":null}},"20":{"start":{"line":0,"column":0},"end":{"line":0,"column":0},"skip":true},"21":{"start":{"line":0,"column":0},"end":{"line":0,"column":0},"skip":true},"22":{"start":{"line":0,"column":0},"end":{"line":0,"column":0},"skip":true},"23":{"start":{"line":0,"column":0},"end":{"line":0,"column":0},"skip":true},"24":{"start":{"line":0,"column":0},"end":{"line":0,"column":0},"skip":true},"25":{"start":{"line":0,"column":0},"end":{"line":0,"column":0},"skip":true},"26":{"start":{"line":4,"column":21},"end":{"line":null,"column":null}},"27":{"start":{"line":5,"column":14},"end":{"line":null,"column":null}},"28":{"start":{"line":0,"column":0},"end":{"line":0,"column":0},"skip":true},"29":{"start":{"line":6,"column":9},"end":{"line":null,"column":null}},"30":{"start":{"line":7,"column":9},"end":{"line":null,"column":null}},"31":{"start":{"line":8,"column":9},"end":{"line":null,"column":null}},"32":{"start":{"line":0,"column":0},"end":{"line":0,"column":0},"skip":true},"33":{"start":{"line":10,"column":17},"end":{"line":null,"column":null}},"34":{"start":{"line":11,"column":8},"end":{"line":null,"column":null}},"35":{"start":{"line":12,"column":8},"end":{"line":null,"column":null}},"36":{"start":{"line":13,"column":8},"end":{"line":null,"column":null}},"37":{"start":{"line":18,"column":11},"end":{"line":null,"column":null}},"38":{"start":{"line":21,"column":10},"end":{"line":null,"column":null}},"39":{"start":{"line":22,"column":10},"end":{"line":null,"column":null}},"40":{"start":{"line":23,"column":10},"end":{"line":null,"column":null}},"41":{"start":{"line":24,"column":17},"end":{"line":null,"column":null}},"42":{"start":{"line":33,"column":15},"end":{"line":null,"column":null}},"43":{"start":{"line":34,"column":15},"end":{"line":null,"column":null}},"44":{"start":{"line":0,"column":0},"end":{"line":0,"column":0},"skip":true},"45":{"start":{"line":38,"column":18},"end":{"line":null,"column":null}},"46":{"start":{"line":39,"column":8},"end":{"line":null,"column":null}},"47":{"start":{"line":40,"column":8},"end":{"line":null,"column":null}},"48":{"start":{"line":41,"column":8},"end":{"line":null,"column":null}},"49":{"start":{"line":45,"column":11},"end":{"line":null,"column":null}},"50":{"start":{"line":48,"column":10},"end":{"line":null,"column":null}},"51":{"start":{"line":49,"column":10},"end":{"line":null,"column":null}},"52":{"start":{"line":50,"column":10},"end":{"line":null,"column":null}},"53":{"start":{"line":51,"column":17},"end":{"line":null,"column":null}},"54":{"start":{"line":60,"column":13},"end":{"line":null,"column":null}},"55":{"start":{"line":61,"column":17},"end":{"line":null,"column":null}},"56":{"start":{"line":63,"column":15},"end":{"line":null,"column":null}},"57":{"start":{"line":0,"column":0},"end":{"line":0,"column":0},"skip":true},"58":{"start":{"line":67,"column":18},"end":{"line":null,"column":null}},"59":{"start":{"line":68,"column":11},"end":{"line":null,"column":null}},"60":{"start":{"line":0,"column":0},"end":{"line":0,"column":0},"skip":true},"61":{"start":{"line":88,"column":19},"end":{"line":null,"column":null}},"62":{"start":{"line":89,"column":11},"end":{"line":null,"column":null}},"63":{"start":{"line":0,"column":0},"end":{"line":0,"column":0},"skip":true},"64":{"start":{"line":0,"column":0},"end":{"line":0,"column":0},"skip":true},"65":{"start":{"line":4,"column":21},"end":{"line":null,"column":null}},"66":{"start":{"line":0,"column":0},"end":{"line":0,"column":0},"skip":true},"67":{"start":{"line":0,"column":0},"end":{"line":0,"column":0},"skip":true},"68":{"start":{"line":0,"column":0},"end":{"line":0,"column":0},"skip":true},"69":{"start":{"line":0,"column":0},"end":{"line":0,"column":0},"skip":true},"70":{"start":{"line":4,"column":21},"end":{"line":null,"column":null}},"71":{"start":{"line":0,"column":0},"end":{"line":0,"column":0},"skip":true}},"branchMap":{"1":{"line":0,"type":"binary-expr","locations":[{"start":{"line":0,"column":0},"end":{"line":0,"column":0},"skip":true},{"start":{"line":0,"column":0},"end":{"line":0,"column":0},"skip":true}]},"2":{"line":0,"type":"if","locations":[{"start":{"line":0,"column":0},"end":{"line":0,"column":0},"skip":true},{"start":{"line":0,"column":0},"end":{"line":0,"column":0},"skip":true}]},"3":{"line":0,"type":"if","locations":[{"start":{"line":0,"column":0},"end":{"line":0,"column":0},"skip":true},{"start":{"line":0,"column":0},"end":{"line":0,"column":0},"skip":true}]},"4":{"line":0,"type":"if","locations":[{"start":{"line":0,"column":0},"end":{"line":0,"column":0},"skip":true},{"start":{"line":0,"column":0},"end":{"line":0,"column":0},"skip":true}]},"5":{"line":0,"type":"cond-expr","locations":[{"start":{"line":0,"column":0},"end":{"line":0,"column":0},"skip":true},{"start":{"line":0,"column":0},"end":{"line":0,"column":0},"skip":true}]},"6":{"line":0,"type":"binary-expr","locations":[{"start":{"line":0,"column":0},"end":{"line":0,"column":0},"skip":true},{"start":{"line":0,"column":0},"end":{"line":0,"column":0},"skip":true}]},"7":{"line":0,"type":"if","locations":[{"start":{"line":0,"column":0},"end":{"line":0,"column":0},"skip":true},{"start":{"line":0,"column":0},"end":{"line":0,"column":0},"skip":true}]},"8":{"line":23,"type":"if","locations":[{"start":{"line":23,"column":10},"end":{"line":23,"column":10}},{"start":{"line":23,"column":10},"end":{"line":23,"column":10}}]},"9":{"line":50,"type":"if","locations":[{"start":{"line":50,"column":10},"end":{"line":50,"column":10}},{"start":{"line":50,"column":10},"end":{"line":50,"column":10}}]},"10":{"line":0,"type":"if","locations":[{"start":{"line":0,"column":0},"end":{"line":0,"column":0},"skip":true},{"start":{"line":0,"column":0},"end":{"line":0,"column":0},"skip":true}]}}},"/home/dodo/Work/react-weather/src/js/utils.js":{"path":"/home/dodo/Work/react-weather/src/js/utils.js","s":{"1":1,"2":1,"3":1,"4":1,"5":1,"6":1,"7":0,"8":0,"9":0,"10":0,"11":1,"12":1,"13":0,"14":0,"15":0,"16":1,"17":1,"18":0,"19":0,"20":1,"21":1,"22":1,"23":1},"b":{"1":[0,1],"2":[1,1],"3":[0,0],"4":[0,0],"5":[0,0],"6":[1,0]},"f":{"1":1,"2":1,"3":0,"4":1,"5":0,"6":1,"7":0,"8":1},"fnMap":{"1":{"name":"_interopRequireDefault","line":0,"loc":{"start":{"line":0,"column":0},"end":{"line":0,"column":0}},"skip":true},"2":{"name":"(anonymous_2)","line":0,"loc":{"start":{"line":0,"column":0},"end":{"line":0,"column":0}},"skip":true},"3":{"name":"getIcon","line":24,"loc":{"start":{"line":24,"column":21},"end":{"line":24,"column":27}}},"4":{"name":"(anonymous_4)","line":0,"loc":{"start":{"line":0,"column":0},"end":{"line":0,"column":0}},"skip":true},"5":{"name":"getUnits","line":32,"loc":{"start":{"line":32,"column":22},"end":{"line":32,"column":28}}},"6":{"name":"(anonymous_6)","line":0,"loc":{"start":{"line":0,"column":0},"end":{"line":0,"column":0}},"skip":true},"7":{"name":"formatDate","line":45,"loc":{"start":{"line":45,"column":13},"end":{"line":45,"column":21}}},"8":{"name":"(anonymous_8)","line":0,"loc":{"start":{"line":0,"column":0},"end":{"line":0,"column":0}},"skip":true}},"statementMap":{"1":{"start":{"line":1,"column":0},"end":{"line":null,"column":null}},"2":{"start":{"line":0,"column":0},"end":{"line":0,"column":0},"skip":true},"3":{"start":{"line":0,"column":0},"end":{"line":0,"column":0},"skip":true},"4":{"start":{"line":0,"column":0},"end":{"line":0,"column":0},"skip":true},"5":{"start":{"line":3,"column":0},"end":{"line":null,"column":null}},"6":{"start":{"line":24,"column":21},"end":{"line":null,"column":null}},"7":{"start":{"line":25,"column":8},"end":{"line":null,"column":null}},"8":{"start":{"line":26,"column":8},"end":{"line":null,"column":null}},"9":{"start":{"line":27,"column":13},"end":{"line":null,"column":null}},"10":{"start":{"line":29,"column":13},"end":{"line":null,"column":null}},"11":{"start":{"line":0,"column":0},"end":{"line":0,"column":0},"skip":true},"12":{"start":{"line":32,"column":22},"end":{"line":null,"column":null}},"13":{"start":{"line":33,"column":8},"end":{"line":null,"column":null}},"14":{"start":{"line":34,"column":13},"end":{"line":null,"column":null}},"15":{"start":{"line":39,"column":13},"end":{"line":null,"column":null}},"16":{"start":{"line":0,"column":0},"end":{"line":0,"column":0},"skip":true},"17":{"start":{"line":45,"column":13},"end":{"line":null,"column":null}},"18":{"start":{"line":46,"column":7},"end":{"line":null,"column":null}},"19":{"start":{"line":47,"column":13},"end":{"line":null,"column":null}},"20":{"start":{"line":0,"column":0},"end":{"line":0,"column":0},"skip":true},"21":{"start":{"line":0,"column":0},"end":{"line":0,"column":0},"skip":true},"22":{"start":{"line":0,"column":0},"end":{"line":0,"column":0},"skip":true},"23":{"start":{"line":0,"column":0},"end":{"line":0,"column":0},"skip":true}},"branchMap":{"1":{"line":0,"type":"cond-expr","locations":[{"start":{"line":0,"column":0},"end":{"line":0,"column":0},"skip":true},{"start":{"line":0,"column":0},"end":{"line":0,"column":0},"skip":true}]},"2":{"line":0,"type":"binary-expr","locations":[{"start":{"line":0,"column":0},"end":{"line":0,"column":0},"skip":true},{"start":{"line":0,"column":0},"end":{"line":0,"column":0},"skip":true}]},"3":{"line":26,"type":"if","locations":[{"start":{"line":26,"column":8},"end":{"line":26,"column":8}},{"start":{"line":26,"column":8},"end":{"line":26,"column":8}}]},"4":{"line":33,"type":"if","locations":[{"start":{"line":33,"column":8},"end":{"line":33,"column":8}},{"start":{"line":33,"column":8},"end":{"line":33,"column":8}}]},"5":{"line":46,"type":"if","locations":[{"start":{"line":46,"column":7},"end":{"line":46,"column":7}},{"start":{"line":46,"column":7},"end":{"line":46,"column":7}}]},"6":{"line":0,"type":"if","locations":[{"start":{"line":0,"column":0},"end":{"line":0,"column":0},"skip":true},{"start":{"line":0,"column":0},"end":{"line":0,"column":0},"skip":true}]}}}}