TN:
SF:/home/dodo/Work/react-weather/src/js/ReactWeather.js
FN:7,ReactWeather
FN:35,render
FN:45,(anonymous_12)
FN:66,componentDidMount
FN:69,getWeatherData
FN:80,(anonymous_17)
FN:84,(anonymous_18)
FN:88,_getParams
FN:17,get
FN:24,get
FNF:10
FNH:0
FNDA:0,ReactWeather
FNDA:0,render
FNDA:0,(anonymous_12)
FNDA:0,componentDidMount
FNDA:0,getWeatherData
FNDA:0,(anonymous_17)
FNDA:0,(anonymous_18)
FNDA:0,_getParams
FNDA:0,get
FNDA:0,get
DA:1,1
DA:2,1
DA:3,1
DA:4,1
DA:6,1
DA:7,1
DA:8,0
DA:9,0
DA:10,0
DA:17,1
DA:18,0
DA:24,1
DA:25,0
DA:35,1
DA:36,0
DA:37,0
DA:38,0
DA:41,0
DA:46,0
DA:48,0
DA:66,1
DA:67,0
DA:69,1
DA:70,0
DA:71,0
DA:72,0
DA:73,0
DA:74,0
DA:75,0
DA:76,0
DA:77,0
DA:78,0
DA:80,0
DA:81,0
DA:85,0
DA:88,1
DA:89,0
DA:90,0
DA:92,0
DA:94,0
DA:99,1
LF:41
LH:13
BRDA:8,16,0,0
BRDA:8,16,1,0
BRDA:74,17,0,0
BRDA:74,17,1,0
BRDA:76,18,0,0
BRDA:76,18,1,0
BRDA:91,19,0,0
BRDA:91,19,1,0
BRF:8
BRH:0
end_of_record
TN:
SF:/home/dodo/Work/react-weather/src/js/owApi.js
FN:5,OWApi
FN:10,getWeatherData
FN:20,(anonymous_10)
FN:38,getForecastData
FN:47,(anonymous_13)
FN:60,(anonymous_14)
FN:67,_mapWeatherData
FN:88,_mapForecastData
FNF:8
FNH:0
FNDA:0,OWApi
FNDA:0,getWeatherData
FNDA:0,(anonymous_10)
FNDA:0,getForecastData
FNDA:0,(anonymous_13)
FNDA:0,(anonymous_14)
FNDA:0,_mapWeatherData
FNDA:0,_mapForecastData
DA:1,1
DA:2,1
DA:4,1
DA:5,1
DA:6,0
DA:7,0
DA:8,0
DA:10,1
DA:11,0
DA:12,0
DA:13,0
DA:18,0
DA:21,0
DA:22,0
DA:23,0
DA:24,0
DA:33,0
DA:34,0
DA:38,1
DA:39,0
DA:40,0
DA:41,0
DA:45,0
DA:48,0
DA:49,0
DA:50,0
DA:51,0
DA:60,0
DA:61,0
DA:63,0
DA:67,1
DA:68,0
DA:88,1
DA:89,0
LF:34
LH:8
BRDA:23,8,0,0
BRDA:23,8,1,0
BRDA:50,9,0,0
BRDA:50,9,1,0
BRF:4
BRH:0
end_of_record
TN:
SF:/home/dodo/Work/react-weather/src/js/utils.js
FN:24,getIcon
FN:32,getUnits
FN:45,formatDate
FNF:3
FNH:0
FNDA:0,getIcon
FNDA:0,getUnits
FNDA:0,formatDate
DA:1,1
DA:3,1
DA:24,1
DA:25,0
DA:26,0
DA:27,0
DA:29,0
DA:32,1
DA:33,0
DA:34,0
DA:39,0
DA:45,1
DA:46,0
DA:47,0
LF:14
LH:5
BRDA:26,3,0,0
BRDA:26,3,1,0
BRDA:33,4,0,0
BRDA:33,4,1,0
BRDA:46,5,0,0
BRDA:46,5,1,0
BRF:6
BRH:0
end_of_record
